<?xml version="1.0" encoding="UTF-8"?>
<!-- Generated by org.testng.reporters.JUnitReportReporter -->
<testsuite hostname="Prathapreddy" failures="0" tests="1" name="runner.RunnerIO" time="17.712" errors="0" timestamp="2023-05-11T22:20:49 IST" skipped="0">
  <testcase classname="runner.RunnerIO" name="runScenario" time="17.712"/>
  <system-out/>
</testsuite> <!-- runner.RunnerIO -->
