<?xml version="1.0" encoding="UTF-8"?>
<!-- Generated by org.testng.reporters.JUnitReportReporter -->
<testsuite hostname="Prathapreddy" failures="0" tests="1" name="Practice.Practice" time="0.034" errors="0" timestamp="2023-07-20T13:19:51 IST" skipped="0">
  <testcase classname="Practice.Practice" name="sample" time="0.034"/>
  <system-out/>
</testsuite> <!-- Practice.Practice -->
